C:\USERS\NATHAN\APPDATA\LOCAL\TEMP\PS3PPULD48082\LIB.ENT.O
C:\USERS\NATHAN\DOCUMENTS\VISUAL STUDIO 2012\PROJECTS\XAI_PLUGIN_HEN\PS3_DEBUG\VIDEOREC.PRX
C:\USERS\NATHAN\DOCUMENTS\VISUAL STUDIO 2012\PROJECTS\XAI_PLUGIN_HEN\VIDEOREC\CELLPRX_VIDEOREC_VERLOG.TXT
C:\USERS\NATHAN\DOCUMENTS\VISUAL STUDIO 2012\PROJECTS\XAI_PLUGIN_HEN\VIDEOREC\CELLPRX_VIDEOREC_STUB.A
C:\USERS\NATHAN\APPDATA\LOCAL\TEMP\PS3PPULD48082\LIB.ENT.S
C:\USERS\NATHAN\DOCUMENTS\VISUAL STUDIO 2012\PROJECTS\XAI_PLUGIN_HEN\VIDEOREC\PS3_DEBUG\STDAFX.O
C:\USERS\NATHAN\DOCUMENTS\VISUAL STUDIO 2012\PROJECTS\XAI_PLUGIN_HEN\VIDEOREC\PS3_DEBUG\VIDEOREC.PCH
C:\USERS\NATHAN\DOCUMENTS\VISUAL STUDIO 2012\PROJECTS\XAI_PLUGIN_HEN\VIDEOREC\PS3_DEBUG\PRX.O
C:\Users\Nathan\Documents\Visual Studio 2012\Projects\xai_plugin_hen\PS3_Debug\cellPrx_videorec_stub.a
C:\Users\Nathan\Documents\Visual Studio 2012\Projects\xai_plugin_hen\videorec\PS3_Debug\prx.o
C:\Users\Nathan\Documents\Visual Studio 2012\Projects\xai_plugin_hen\videorec\PS3_Debug\stdafx.o
C:\Users\Nathan\Documents\Visual Studio 2012\Projects\xai_plugin_hen\videorec\PS3_Debug\videorec.pch
C:\Users\Nathan\Documents\Visual Studio 2012\Projects\xai_plugin_hen\videorec\PS3_Debug\ps3ppuld64-ppu-lv2-as.read.1.tlog
C:\Users\Nathan\Documents\Visual Studio 2012\Projects\xai_plugin_hen\videorec\PS3_Debug\ps3ppuld64-ppu-lv2-as.write.1.tlog
C:\Users\Nathan\Documents\Visual Studio 2012\Projects\xai_plugin_hen\videorec\PS3_Debug\ps3ppuld64-ppu-lv2-prx-fixup.read.1.tlog
C:\Users\Nathan\Documents\Visual Studio 2012\Projects\xai_plugin_hen\videorec\PS3_Debug\ps3ppuld64-ppu-lv2-prx-fixup.write.1.tlog
C:\Users\Nathan\Documents\Visual Studio 2012\Projects\xai_plugin_hen\videorec\PS3_Debug\ps3ppuld64-ppu-lv2-prx-libgen.read.1.tlog
C:\Users\Nathan\Documents\Visual Studio 2012\Projects\xai_plugin_hen\videorec\PS3_Debug\ps3ppuld64-ppu-lv2-prx-libgen.write.1.tlog
C:\Users\Nathan\Documents\Visual Studio 2012\Projects\xai_plugin_hen\videorec\PS3_Debug\ps3ppuld64.12904.read.1.tlog
C:\Users\Nathan\Documents\Visual Studio 2012\Projects\xai_plugin_hen\videorec\PS3_Debug\ps3ppuld64.12904.write.1.tlog
C:\Users\Nathan\Documents\Visual Studio 2012\Projects\xai_plugin_hen\videorec\PS3_Debug\ps3ppuld64.command.1.tlog
C:\Users\Nathan\Documents\Visual Studio 2012\Projects\xai_plugin_hen\videorec\PS3_Debug\ps3ppuld64.read.1.tlog
C:\Users\Nathan\Documents\Visual Studio 2012\Projects\xai_plugin_hen\videorec\PS3_Debug\ps3ppuld64.write.1.tlog
C:\Users\Nathan\Documents\Visual Studio 2012\Projects\xai_plugin_hen\videorec\PS3_Debug\ps3ppusnc.command.1.tlog
C:\Users\Nathan\Documents\Visual Studio 2012\Projects\xai_plugin_hen\videorec\PS3_Debug\ps3ppusnc.read.1.tlog
C:\Users\Nathan\Documents\Visual Studio 2012\Projects\xai_plugin_hen\videorec\PS3_Debug\ps3ppusnc.write.1.tlog
C:\Users\Nathan\Documents\Visual Studio 2012\Projects\xai_plugin_hen\videorec\PS3_Debug\videorec.write.1.tlog
C:\Users\Nathan\Documents\Visual Studio 2012\Projects\xai_plugin_hen\PS3_Debug\videorec.prx
