C:\USERS\NATHAN\APPDATA\LOCAL\TEMP\CCACEAAA.LIB.ENT.O
C:\USERS\NATHAN\DOCUMENTS\VISUAL STUDIO 2012\PROJECTS\XAI_PLUGIN_HEN\PS3_DEBUG\XAI_PLUGIN.PRX
C:\USERS\NATHAN\DOCUMENTS\VISUAL STUDIO 2012\PROJECTS\XAI_PLUGIN_HEN\XAI_PLUGIN\GCCPCH.H.GCH\XAI_PLUGIN_DEBUG.H.GCH
C:\USERS\NATHAN\DOCUMENTS\VISUAL STUDIO 2012\PROJECTS\XAI_PLUGIN_HEN\XAI_PLUGIN\PS3_DEBUG\HFW_SETTINGS.O
C:\USERS\NATHAN\DOCUMENTS\VISUAL STUDIO 2012\PROJECTS\XAI_PLUGIN_HEN\XAI_PLUGIN\PS3_DEBUG\DES.O
C:\USERS\NATHAN\DOCUMENTS\VISUAL STUDIO 2012\PROJECTS\XAI_PLUGIN_HEN\XAI_PLUGIN\PS3_DEBUG\LOG.O
C:\USERS\NATHAN\DOCUMENTS\VISUAL STUDIO 2012\PROJECTS\XAI_PLUGIN_HEN\XAI_PLUGIN\PS3_DEBUG\PRX.O
C:\USERS\NATHAN\APPDATA\LOCAL\TEMP\CCAEBAAA.PSP.RELA.O
C:\USERS\NATHAN\APPDATA\LOCAL\TEMP\COLLECT2_5704_0.RSP
C:\USERS\NATHAN\APPDATA\LOCAL\TEMP\CCA8CAAA.LIB.ENT.S
C:\Users\Nathan\Documents\Visual Studio 2012\Projects\xai_plugin_hen\PS3_Debug\cellPRX_xai_plugin_stub.a
C:\Users\Nathan\Documents\Visual Studio 2012\Projects\xai_plugin_hen\xai_plugin\PS3_Debug\des.o
C:\Users\Nathan\Documents\Visual Studio 2012\Projects\xai_plugin_hen\xai_plugin\PS3_Debug\hfw_settings.o
C:\Users\Nathan\Documents\Visual Studio 2012\Projects\xai_plugin_hen\xai_plugin\PS3_Debug\log.o
C:\Users\Nathan\Documents\Visual Studio 2012\Projects\xai_plugin_hen\xai_plugin\PS3_Debug\prx.o
C:\Users\Nathan\Documents\Visual Studio 2012\Projects\xai_plugin_hen\xai_plugin\PS3_Debug\ppu-lv2-gcc-as.read.1.tlog
C:\Users\Nathan\Documents\Visual Studio 2012\Projects\xai_plugin_hen\xai_plugin\PS3_Debug\ppu-lv2-gcc-as.write.1.tlog
C:\Users\Nathan\Documents\Visual Studio 2012\Projects\xai_plugin_hen\xai_plugin\PS3_Debug\ppu-lv2-gcc-collect2-ps3ppuld-ps3ppuld64.read.1.tlog
C:\Users\Nathan\Documents\Visual Studio 2012\Projects\xai_plugin_hen\xai_plugin\PS3_Debug\ppu-lv2-gcc-collect2-ps3ppuld-ps3ppuld64.write.1.tlog
C:\Users\Nathan\Documents\Visual Studio 2012\Projects\xai_plugin_hen\xai_plugin\PS3_Debug\ppu-lv2-gcc-collect2-ps3ppuld.read.1.tlog
C:\Users\Nathan\Documents\Visual Studio 2012\Projects\xai_plugin_hen\xai_plugin\PS3_Debug\ppu-lv2-gcc-collect2.read.1.tlog
C:\Users\Nathan\Documents\Visual Studio 2012\Projects\xai_plugin_hen\xai_plugin\PS3_Debug\ppu-lv2-gcc-collect2.write.1.tlog
C:\Users\Nathan\Documents\Visual Studio 2012\Projects\xai_plugin_hen\xai_plugin\PS3_Debug\ppu-lv2-gcc-ppu-lv2-prx-fixup.read.1.tlog
C:\Users\Nathan\Documents\Visual Studio 2012\Projects\xai_plugin_hen\xai_plugin\PS3_Debug\ppu-lv2-gcc-ppu-lv2-prx-fixup.write.1.tlog
C:\Users\Nathan\Documents\Visual Studio 2012\Projects\xai_plugin_hen\xai_plugin\PS3_Debug\ppu-lv2-gcc-ppu-lv2-prx-libgen.read.1.tlog
C:\Users\Nathan\Documents\Visual Studio 2012\Projects\xai_plugin_hen\xai_plugin\PS3_Debug\ppu-lv2-gcc-ps3ppuld.command.1.tlog
C:\Users\Nathan\Documents\Visual Studio 2012\Projects\xai_plugin_hen\xai_plugin\PS3_Debug\ppu-lv2-gcc.cl.command.1.tlog
C:\Users\Nathan\Documents\Visual Studio 2012\Projects\xai_plugin_hen\xai_plugin\PS3_Debug\ppu-lv2-gcc.cl.read.1.tlog
C:\Users\Nathan\Documents\Visual Studio 2012\Projects\xai_plugin_hen\xai_plugin\PS3_Debug\ppu-lv2-gcc.cl.write.1.tlog
C:\Users\Nathan\Documents\Visual Studio 2012\Projects\xai_plugin_hen\xai_plugin\PS3_Debug\ppu-lv2-gcc.read.1.tlog
C:\Users\Nathan\Documents\Visual Studio 2012\Projects\xai_plugin_hen\xai_plugin\PS3_Debug\ppu-lv2-gcc.write.1.tlog
C:\Users\Nathan\Documents\Visual Studio 2012\Projects\xai_plugin_hen\xai_plugin\PS3_Debug\xai_plugin.write.1.tlog
C:\Users\Nathan\Documents\Visual Studio 2012\Projects\xai_plugin_hen\PS3_Debug\xai_plugin.prx
